<?xml version="1.0" encoding="UTF-8"?>
<testsuites name="HerokuappTestSuite" time="43.046" tests="3" failures="0" errors="0">
   <testsuite name="HerokuappTestSuite" tests="3" failures="0" errors="0" time="43.046" skipped="0" timestamp="05-08-2024T16:37:44" hostname="khira - BlackBeast" id="Test Suites/HerokuappTestSuite">
      <properties>
         <property name="deviceName" value=""/>
         <property name="devicePlatform"/>
         <property name="logFolder" value="C:\\Users\\khira\\Katalon Studio\\Demo-Project\\Reports\\20240805_163735\\HerokuappTestSuite\\20240805_163735"/>
         <property name="logFiles" value="C:\\Users\\khira\\Katalon Studio\\Demo-Project\\Reports\\20240805_163735\\HerokuappTestSuite\\20240805_163735\\execution0.log"/>
         <property name="attachments" value=""/>
         <property name="hostName" value="khira - BlackBeast"/>
         <property name="os" value="Windows 11 64bit"/>
         <property name="katalonVersion" value="9.6.0.217"/>
         <property name="browser" value="Chrome 127.0.0.0"/>
         <property name="hostAddress" value="192.168.1.4"/>
         <property name="sessionId" value="98f388f1d1f706022e3ddad9fea5f173"/>
         <property name="seleniumVersion" value="3.141.59"/>
         <property name="proxyInformation" value="ProxyInformation { proxyOption=NO_PROXY, proxyServerType=HTTP, username=, password=********, proxyServerAddress=, proxyServerPort=0, executionList=&quot;&quot;, isApplyToDesiredCapabilities=true }"/>
         <property name="platform" value="Windows 11"/>
      </properties>
      <testcase name="Test Cases/Login" time="13.298" classname="Test Cases/Login" status="PASSED">
         <system-out><![CDATA[05-08-2024T16:37:45 - [TEST_CASE][PASSED] - Test Cases/Login: Test Cases/Login

05-08-2024T16:37:45 - [TEST_STEP][PASSED] - openBrowser(""): Browser is opened with url: ''

05-08-2024T16:37:46 - [MESSAGE][INFO] - Starting 'Chrome' driver

05-08-2024T16:37:46 - [MESSAGE][INFO] - Action delay is set to 0 milliseconds

05-08-2024T16:37:49 - [MESSAGE][PASSED] - Browser is opened with url: ''

05-08-2024T16:37:49 - [TEST_STEP][PASSED] - navigateToUrl("https://katalon-demo-cura.herokuapp.com/"): Navigate to 'https://katalon-demo-cura.herokuapp.com/' successfully

05-08-2024T16:37:53 - [MESSAGE][PASSED] - Navigate to 'https://katalon-demo-cura.herokuapp.com/' successfully

05-08-2024T16:37:53 - [TEST_STEP][PASSED] - click(findTestObject("Object Repository/Page_CURA Healthcare Service/a_Make Appointment")): Object: 'Object Repository/Page_CURA Healthcare Service/a_Make Appointment' is clicked on

05-08-2024T16:37:54 - [MESSAGE][PASSED] - Object: 'Object Repository/Page_CURA Healthcare Service/a_Make Appointment' is clicked on

05-08-2024T16:37:54 - [TEST_STEP][PASSED] - setText(findTestObject("Object Repository/Page_CURA Healthcare Service/input_Username_username"), "John Doe"): Text 'John Doe' is set on object 'Object Repository/Page_CURA Healthcare Service/input_Username_username'

05-08-2024T16:37:55 - [MESSAGE][PASSED] - Text 'John Doe' is set on object 'Object Repository/Page_CURA Healthcare Service/input_Username_username'

05-08-2024T16:37:55 - [TEST_STEP][PASSED] - setEncryptedText(findTestObject("Object Repository/Page_CURA Healthcare Service/input_Password_password"), "g3/DOGG74jC3Flrr3yH+3D/yKbOqqUNM"): Text ****** has been set on object 'Object Repository/Page_CURA Healthcare Service/input_Password_password'

05-08-2024T16:37:55 - [MESSAGE][PASSED] - Text ****** has been set on object 'Object Repository/Page_CURA Healthcare Service/input_Password_password'

05-08-2024T16:37:55 - [TEST_STEP][PASSED] - click(findTestObject("Object Repository/Page_CURA Healthcare Service/button_Login")): Object: 'Object Repository/Page_CURA Healthcare Service/button_Login' is clicked on

05-08-2024T16:37:56 - [MESSAGE][PASSED] - Object: 'Object Repository/Page_CURA Healthcare Service/button_Login' is clicked on

05-08-2024T16:37:56 - [TEST_STEP][PASSED] - click(findTestObject("Object Repository/Page_CURA Healthcare Service/a_CURA Healthcare_menu-toggle")): Object: 'Object Repository/Page_CURA Healthcare Service/a_CURA Healthcare_menu-toggle' is clicked on

05-08-2024T16:37:57 - [MESSAGE][PASSED] - Object: 'Object Repository/Page_CURA Healthcare Service/a_CURA Healthcare_menu-toggle' is clicked on

05-08-2024T16:37:57 - [TEST_STEP][PASSED] - click(findTestObject("Object Repository/Page_CURA Healthcare Service/a_Logout")): Object: 'Object Repository/Page_CURA Healthcare Service/a_Logout' is clicked on

05-08-2024T16:37:58 - [MESSAGE][PASSED] - Object: 'Object Repository/Page_CURA Healthcare Service/a_Logout' is clicked on

05-08-2024T16:37:58 - [TEST_STEP][PASSED] - closeBrowser(): Browser is closed

05-08-2024T16:37:58 - [MESSAGE][PASSED] - Browser is closed]]></system-out>
         <system-err><![CDATA[]]></system-err>
      </testcase>
      <testcase name="Test Cases/Make-an-Appointment" time="14.935" classname="Test Cases/Make-an-Appointment" status="PASSED">
         <system-out><![CDATA[05-08-2024T16:37:58 - [TEST_CASE][PASSED] - Test Cases/Make-an-Appointment: Test Cases/Make-an-Appointment

05-08-2024T16:37:58 - [TEST_STEP][PASSED] - openBrowser(""): Browser is opened with url: ''

05-08-2024T16:37:58 - [MESSAGE][INFO] - Starting 'Chrome' driver

05-08-2024T16:37:58 - [MESSAGE][INFO] - Action delay is set to 0 milliseconds

05-08-2024T16:37:59 - [MESSAGE][PASSED] - Browser is opened with url: ''

05-08-2024T16:37:59 - [TEST_STEP][PASSED] - navigateToUrl("https://katalon-demo-cura.herokuapp.com/"): Navigate to 'https://katalon-demo-cura.herokuapp.com/' successfully

05-08-2024T16:38:03 - [MESSAGE][PASSED] - Navigate to 'https://katalon-demo-cura.herokuapp.com/' successfully

05-08-2024T16:38:03 - [TEST_STEP][PASSED] - click(findTestObject("Object Repository/Page_CURA Healthcare Service/a_Make Appointment")): Object: 'Object Repository/Page_CURA Healthcare Service/a_Make Appointment' is clicked on

05-08-2024T16:38:04 - [MESSAGE][PASSED] - Object: 'Object Repository/Page_CURA Healthcare Service/a_Make Appointment' is clicked on

05-08-2024T16:38:04 - [TEST_STEP][PASSED] - setText(findTestObject("Object Repository/Page_CURA Healthcare Service/input_Username_username"), "John Doe"): Text 'John Doe' is set on object 'Object Repository/Page_CURA Healthcare Service/input_Username_username'

05-08-2024T16:38:05 - [MESSAGE][PASSED] - Text 'John Doe' is set on object 'Object Repository/Page_CURA Healthcare Service/input_Username_username'

05-08-2024T16:38:05 - [TEST_STEP][PASSED] - setEncryptedText(findTestObject("Object Repository/Page_CURA Healthcare Service/input_Password_password"), "g3/DOGG74jC3Flrr3yH+3D/yKbOqqUNM"): Text ****** has been set on object 'Object Repository/Page_CURA Healthcare Service/input_Password_password'

05-08-2024T16:38:05 - [MESSAGE][PASSED] - Text ****** has been set on object 'Object Repository/Page_CURA Healthcare Service/input_Password_password'

05-08-2024T16:38:05 - [TEST_STEP][PASSED] - click(findTestObject("Object Repository/Page_CURA Healthcare Service/button_Login")): Object: 'Object Repository/Page_CURA Healthcare Service/button_Login' is clicked on

05-08-2024T16:38:06 - [MESSAGE][PASSED] - Object: 'Object Repository/Page_CURA Healthcare Service/button_Login' is clicked on

05-08-2024T16:38:06 - [TEST_STEP][PASSED] - selectOptionByValue(findTestObject("Object Repository/Page_CURA Healthcare Service/select_Tokyo CURA Healthcare Center        _5b4107"), "Hongkong CURA Healthcare Center", true): All options with value 'Hongkong CURA Healthcare Center' are selected in object 'Object Repository/Page_CURA Healthcare Service/select_Tokyo CURA Healthcare Center        _5b4107'  using regular expression

05-08-2024T16:38:07 - [MESSAGE][PASSED] - All options with value 'Hongkong CURA Healthcare Center' are selected in object 'Object Repository/Page_CURA Healthcare Service/select_Tokyo CURA Healthcare Center        _5b4107'  using regular expression

05-08-2024T16:38:07 - [TEST_STEP][PASSED] - click(findTestObject("Object Repository/Page_CURA Healthcare Service/input_Apply for hospital readmission_hospit_63901f")): Object: 'Object Repository/Page_CURA Healthcare Service/input_Apply for hospital readmission_hospit_63901f' is clicked on

05-08-2024T16:38:08 - [MESSAGE][PASSED] - Object: 'Object Repository/Page_CURA Healthcare Service/input_Apply for hospital readmission_hospit_63901f' is clicked on

05-08-2024T16:38:08 - [TEST_STEP][PASSED] - click(findTestObject("Object Repository/Page_CURA Healthcare Service/input_Medicaid_programs")): Object: 'Object Repository/Page_CURA Healthcare Service/input_Medicaid_programs' is clicked on

05-08-2024T16:38:08 - [MESSAGE][PASSED] - Object: 'Object Repository/Page_CURA Healthcare Service/input_Medicaid_programs' is clicked on

05-08-2024T16:38:08 - [TEST_STEP][PASSED] - click(findTestObject("Object Repository/Page_CURA Healthcare Service/div_Visit Date (Required)_input-group-addon")): Object: 'Object Repository/Page_CURA Healthcare Service/div_Visit Date (Required)_input-group-addon' is clicked on

05-08-2024T16:38:08 - [MESSAGE][PASSED] - Object: 'Object Repository/Page_CURA Healthcare Service/div_Visit Date (Required)_input-group-addon' is clicked on

05-08-2024T16:38:08 - [TEST_STEP][PASSED] - click(findTestObject("Object Repository/Page_CURA Healthcare Service/td_29")): Object: 'Object Repository/Page_CURA Healthcare Service/td_29' is clicked on

05-08-2024T16:38:09 - [MESSAGE][PASSED] - Object: 'Object Repository/Page_CURA Healthcare Service/td_29' is clicked on

05-08-2024T16:38:09 - [TEST_STEP][PASSED] - setText(findTestObject("Object Repository/Page_CURA Healthcare Service/textarea_Comment_comment"), "This is an test to create an appoinemnt."): Text 'This is an test to create an appoinemnt.' is set on object 'Object Repository/Page_CURA Healthcare Service/textarea_Comment_comment'

05-08-2024T16:38:10 - [MESSAGE][PASSED] - Text 'This is an test to create an appoinemnt.' is set on object 'Object Repository/Page_CURA Healthcare Service/textarea_Comment_comment'

05-08-2024T16:38:10 - [TEST_STEP][PASSED] - click(findTestObject("Object Repository/Page_CURA Healthcare Service/button_Book Appointment")): Object: 'Object Repository/Page_CURA Healthcare Service/button_Book Appointment' is clicked on

05-08-2024T16:38:11 - [MESSAGE][PASSED] - Object: 'Object Repository/Page_CURA Healthcare Service/button_Book Appointment' is clicked on

05-08-2024T16:38:11 - [TEST_STEP][PASSED] - click(findTestObject("Object Repository/Page_CURA Healthcare Service/h2_Appointment Confirmation")): Object: 'Object Repository/Page_CURA Healthcare Service/h2_Appointment Confirmation' is clicked on

05-08-2024T16:38:11 - [MESSAGE][PASSED] - Object: 'Object Repository/Page_CURA Healthcare Service/h2_Appointment Confirmation' is clicked on

05-08-2024T16:38:11 - [TEST_STEP][PASSED] - verifyTextPresent("Appointment Confirmation", true): Text 'Appointment Confirmation' is present on page  using regular expression

05-08-2024T16:38:11 - [MESSAGE][PASSED] - Text 'Appointment Confirmation' is present on page  using regular expression

05-08-2024T16:38:11 - [TEST_STEP][PASSED] - click(findTestObject("Object Repository/Page_CURA Healthcare Service/a_CURA Healthcare_menu-toggle")): Object: 'Object Repository/Page_CURA Healthcare Service/a_CURA Healthcare_menu-toggle' is clicked on

05-08-2024T16:38:12 - [MESSAGE][PASSED] - Object: 'Object Repository/Page_CURA Healthcare Service/a_CURA Healthcare_menu-toggle' is clicked on

05-08-2024T16:38:12 - [TEST_STEP][PASSED] - click(findTestObject("Object Repository/Page_CURA Healthcare Service/a_Logout")): Object: 'Object Repository/Page_CURA Healthcare Service/a_Logout' is clicked on

05-08-2024T16:38:13 - [MESSAGE][PASSED] - Object: 'Object Repository/Page_CURA Healthcare Service/a_Logout' is clicked on

05-08-2024T16:38:13 - [TEST_STEP][PASSED] - closeBrowser(): Browser is closed

05-08-2024T16:38:13 - [MESSAGE][PASSED] - Browser is closed]]></system-out>
         <system-err><![CDATA[]]></system-err>
      </testcase>
      <testcase name="Test Cases/Verify-Menu-Items" time="14.477" classname="Test Cases/Verify-Menu-Items" status="PASSED">
         <system-out><![CDATA[05-08-2024T16:38:13 - [TEST_CASE][PASSED] - Test Cases/Verify-Menu-Items: Test Cases/Verify-Menu-Items

05-08-2024T16:38:13 - [TEST_STEP][PASSED] - openBrowser(""): Browser is opened with url: ''

05-08-2024T16:38:13 - [MESSAGE][INFO] - Starting 'Chrome' driver

05-08-2024T16:38:13 - [MESSAGE][INFO] - Action delay is set to 0 milliseconds

05-08-2024T16:38:14 - [MESSAGE][PASSED] - Browser is opened with url: ''

05-08-2024T16:38:14 - [TEST_STEP][PASSED] - navigateToUrl("https://katalon-demo-cura.herokuapp.com/"): Navigate to 'https://katalon-demo-cura.herokuapp.com/' successfully

05-08-2024T16:38:17 - [MESSAGE][PASSED] - Navigate to 'https://katalon-demo-cura.herokuapp.com/' successfully

05-08-2024T16:38:17 - [TEST_STEP][PASSED] - click(findTestObject("Object Repository/Page_CURA Healthcare Service/a_Make Appointment")): Object: 'Object Repository/Page_CURA Healthcare Service/a_Make Appointment' is clicked on

05-08-2024T16:38:18 - [MESSAGE][PASSED] - Object: 'Object Repository/Page_CURA Healthcare Service/a_Make Appointment' is clicked on

05-08-2024T16:38:18 - [TEST_STEP][PASSED] - click(findTestObject("Object Repository/Page_CURA Healthcare Service/input_Username_username")): Object: 'Object Repository/Page_CURA Healthcare Service/input_Username_username' is clicked on

05-08-2024T16:38:18 - [MESSAGE][PASSED] - Object: 'Object Repository/Page_CURA Healthcare Service/input_Username_username' is clicked on

05-08-2024T16:38:18 - [TEST_STEP][PASSED] - setText(findTestObject("Object Repository/Page_CURA Healthcare Service/input_Username_username"), "John Doe"): Text 'John Doe' is set on object 'Object Repository/Page_CURA Healthcare Service/input_Username_username'

05-08-2024T16:38:19 - [MESSAGE][PASSED] - Text 'John Doe' is set on object 'Object Repository/Page_CURA Healthcare Service/input_Username_username'

05-08-2024T16:38:19 - [TEST_STEP][PASSED] - setEncryptedText(findTestObject("Object Repository/Page_CURA Healthcare Service/input_Password_password"), "g3/DOGG74jC3Flrr3yH+3D/yKbOqqUNM"): Text ****** has been set on object 'Object Repository/Page_CURA Healthcare Service/input_Password_password'

05-08-2024T16:38:19 - [MESSAGE][PASSED] - Text ****** has been set on object 'Object Repository/Page_CURA Healthcare Service/input_Password_password'

05-08-2024T16:38:19 - [TEST_STEP][PASSED] - click(findTestObject("Object Repository/Page_CURA Healthcare Service/button_Login")): Object: 'Object Repository/Page_CURA Healthcare Service/button_Login' is clicked on

05-08-2024T16:38:20 - [MESSAGE][PASSED] - Object: 'Object Repository/Page_CURA Healthcare Service/button_Login' is clicked on

05-08-2024T16:38:20 - [TEST_STEP][PASSED] - click(findTestObject("Object Repository/Page_CURA Healthcare Service/a_CURA Healthcare_menu-toggle")): Object: 'Object Repository/Page_CURA Healthcare Service/a_CURA Healthcare_menu-toggle' is clicked on

05-08-2024T16:38:21 - [MESSAGE][PASSED] - Object: 'Object Repository/Page_CURA Healthcare Service/a_CURA Healthcare_menu-toggle' is clicked on

05-08-2024T16:38:21 - [TEST_STEP][PASSED] - click(findTestObject("Object Repository/Page_CURA Healthcare Service/a_Home")): Object: 'Object Repository/Page_CURA Healthcare Service/a_Home' is clicked on

05-08-2024T16:38:21 - [MESSAGE][PASSED] - Object: 'Object Repository/Page_CURA Healthcare Service/a_Home' is clicked on

05-08-2024T16:38:21 - [TEST_STEP][PASSED] - click(findTestObject("Object Repository/Page_CURA Healthcare Service/a_CURA Healthcare_menu-toggle")): Object: 'Object Repository/Page_CURA Healthcare Service/a_CURA Healthcare_menu-toggle' is clicked on

05-08-2024T16:38:22 - [MESSAGE][PASSED] - Object: 'Object Repository/Page_CURA Healthcare Service/a_CURA Healthcare_menu-toggle' is clicked on

05-08-2024T16:38:22 - [TEST_STEP][PASSED] - click(findTestObject("Object Repository/Page_CURA Healthcare Service/a_History")): Object: 'Object Repository/Page_CURA Healthcare Service/a_History' is clicked on

05-08-2024T16:38:22 - [MESSAGE][PASSED] - Object: 'Object Repository/Page_CURA Healthcare Service/a_History' is clicked on

05-08-2024T16:38:22 - [TEST_STEP][PASSED] - click(findTestObject("Object Repository/Page_CURA Healthcare Service/a_Go to Homepage")): Object: 'Object Repository/Page_CURA Healthcare Service/a_Go to Homepage' is clicked on

05-08-2024T16:38:23 - [MESSAGE][PASSED] - Object: 'Object Repository/Page_CURA Healthcare Service/a_Go to Homepage' is clicked on

05-08-2024T16:38:23 - [TEST_STEP][PASSED] - click(findTestObject("Object Repository/Page_CURA Healthcare Service/a_CURA Healthcare_menu-toggle")): Object: 'Object Repository/Page_CURA Healthcare Service/a_CURA Healthcare_menu-toggle' is clicked on

05-08-2024T16:38:23 - [MESSAGE][PASSED] - Object: 'Object Repository/Page_CURA Healthcare Service/a_CURA Healthcare_menu-toggle' is clicked on

05-08-2024T16:38:23 - [TEST_STEP][PASSED] - click(findTestObject("Object Repository/Page_CURA Healthcare Service/a_Profile")): Object: 'Object Repository/Page_CURA Healthcare Service/a_Profile' is clicked on

05-08-2024T16:38:24 - [MESSAGE][PASSED] - Object: 'Object Repository/Page_CURA Healthcare Service/a_Profile' is clicked on

05-08-2024T16:38:24 - [TEST_STEP][PASSED] - click(findTestObject("Object Repository/Page_CURA Healthcare Service/a_CURA Healthcare_menu-toggle")): Object: 'Object Repository/Page_CURA Healthcare Service/a_CURA Healthcare_menu-toggle' is clicked on

05-08-2024T16:38:25 - [MESSAGE][PASSED] - Object: 'Object Repository/Page_CURA Healthcare Service/a_CURA Healthcare_menu-toggle' is clicked on

05-08-2024T16:38:25 - [TEST_STEP][PASSED] - click(findTestObject("Object Repository/Page_CURA Healthcare Service/a_Home")): Object: 'Object Repository/Page_CURA Healthcare Service/a_Home' is clicked on

05-08-2024T16:38:25 - [MESSAGE][PASSED] - Object: 'Object Repository/Page_CURA Healthcare Service/a_Home' is clicked on

05-08-2024T16:38:25 - [TEST_STEP][PASSED] - click(findTestObject("Object Repository/Page_CURA Healthcare Service/a_Make Appointment_1")): Object: 'Object Repository/Page_CURA Healthcare Service/a_Make Appointment_1' is clicked on

05-08-2024T16:38:26 - [MESSAGE][PASSED] - Object: 'Object Repository/Page_CURA Healthcare Service/a_Make Appointment_1' is clicked on

05-08-2024T16:38:26 - [TEST_STEP][PASSED] - click(findTestObject("Object Repository/Page_CURA Healthcare Service/a_CURA Healthcare_menu-toggle")): Object: 'Object Repository/Page_CURA Healthcare Service/a_CURA Healthcare_menu-toggle' is clicked on

05-08-2024T16:38:26 - [MESSAGE][PASSED] - Object: 'Object Repository/Page_CURA Healthcare Service/a_CURA Healthcare_menu-toggle' is clicked on

05-08-2024T16:38:26 - [TEST_STEP][PASSED] - click(findTestObject("Object Repository/Page_CURA Healthcare Service/a_Logout")): Object: 'Object Repository/Page_CURA Healthcare Service/a_Logout' is clicked on

05-08-2024T16:38:27 - [MESSAGE][PASSED] - Object: 'Object Repository/Page_CURA Healthcare Service/a_Logout' is clicked on

05-08-2024T16:38:27 - [TEST_STEP][PASSED] - closeBrowser(): Browser is closed

05-08-2024T16:38:27 - [MESSAGE][PASSED] - Browser is closed]]></system-out>
         <system-err><![CDATA[]]></system-err>
      </testcase>
      <system-out><![CDATA[05-08-2024T16:37:44 - [TEST_SUITE][PASSED] - HerokuappTestSuite: Test Cases/Verify-Menu-Items]]></system-out>
      <system-err><![CDATA[]]></system-err>
   </testsuite>
</testsuites>
